<?xml version="1.0" encoding="UTF-8"?>
<!-- Generated by org.testng.reporters.JUnitReportReporter -->
<testsuite hostname="Sarah-PC" failures="1" tests="1" name="legalzoom" time="182.074" errors="0" timestamp="2021-07-29T16:42:22 AST" skipped="0">
  <testcase classname="legalzoom" name="testLegalzoom" time="182.074">
    <failure message="expected [] but found [Invalid Credit Card Number]" type="java.lang.AssertionError">
      <![CDATA[java.lang.AssertionError: expected [] but found [Invalid Credit Card Number]
at org.testng.Assert.fail(Assert.java:99)
at org.testng.Assert.failNotEquals(Assert.java:1037)
at org.testng.Assert.assertEqualsImpl(Assert.java:140)
at org.testng.Assert.assertEquals(Assert.java:122)
at org.testng.Assert.assertEquals(Assert.java:629)
at org.testng.Assert.assertEquals(Assert.java:639)
at legalzoom.testLegalzoom(legalzoom.java:233)
at java.base/jdk.internal.reflect.NativeMethodAccessorImpl.invoke0(Native Method)
at java.base/jdk.internal.reflect.NativeMethodAccessorImpl.invoke(NativeMethodAccessorImpl.java:64)
at java.base/jdk.internal.reflect.DelegatingMethodAccessorImpl.invoke(DelegatingMethodAccessorImpl.java:43)
at java.base/java.lang.reflect.Method.invoke(Method.java:564)
at org.testng.internal.MethodInvocationHelper.invokeMethod(MethodInvocationHelper.java:133)
at org.testng.internal.TestInvoker.invokeMethod(TestInvoker.java:598)
at org.testng.internal.TestInvoker.invokeTestMethod(TestInvoker.java:173)
at org.testng.internal.MethodRunner.runInSequence(MethodRunner.java:46)
at org.testng.internal.TestInvoker$MethodInvocationAgent.invoke(TestInvoker.java:824)
at org.testng.internal.TestInvoker.invokeTestMethods(TestInvoker.java:146)
at org.testng.internal.TestMethodWorker.invokeTestMethods(TestMethodWorker.java:146)
at org.testng.internal.TestMethodWorker.run(TestMethodWorker.java:128)
at java.base/java.util.ArrayList.forEach(ArrayList.java:1511)
at org.testng.TestRunner.privateRun(TestRunner.java:794)
at org.testng.TestRunner.run(TestRunner.java:596)
at org.testng.SuiteRunner.runTest(SuiteRunner.java:377)
at org.testng.SuiteRunner.runSequentially(SuiteRunner.java:371)
at org.testng.SuiteRunner.privateRun(SuiteRunner.java:332)
at org.testng.SuiteRunner.run(SuiteRunner.java:276)
at org.testng.SuiteRunnerWorker.runSuite(SuiteRunnerWorker.java:53)
at org.testng.SuiteRunnerWorker.run(SuiteRunnerWorker.java:96)
at org.testng.TestNG.runSuitesSequentially(TestNG.java:1212)
at org.testng.TestNG.runSuitesLocally(TestNG.java:1134)
at org.testng.TestNG.runSuites(TestNG.java:1063)
at org.testng.TestNG.run(TestNG.java:1031)
at org.testng.remote.AbstractRemoteTestNG.run(AbstractRemoteTestNG.java:115)
at org.testng.remote.RemoteTestNG.initAndRun(RemoteTestNG.java:251)
at org.testng.remote.RemoteTestNG.main(RemoteTestNG.java:77)
]]>
    </failure>
  </testcase> <!-- testLegalzoom -->
  <system-out>
    <![CDATA[The browser is opened now
The browser is maximized
The legal zoom website is opened now
The Wills and trusts button is clicked
The Living trust learn more button is clicked
The get started button for Basic Living Trust is clicked
The questionnaire page is opened
The save and continue button is clicked
The option is checked
The first name is entered
The last name is entered
The no option is selected
The no option is selected
The Alabama option is selected
The Real Estate option is checked
The 100% is entered
The Jack is entered
The successor is entered
The continue button is clicked
The Complete your order is opened
The first name for contact information is entered
The last name for contact is entered
The email is entered
The phone number is entered
The address is entered
The zip code is entered
The city is entered
The state option is selected
The first name for payment information is entered
The last name for payment information is entered
The card nimber is entered
The month option is selected
The year option is selected
The zip code for payment information is entered
The cvv is entered
The agreement is checked
The Agree & place order is clicked]]>
  </system-out>
</testsuite> <!-- legalzoom -->
